00:39:41:850  INFO 15952 --- [main] test                                     : The following 1 profile is active: "dev"
00:39:42:654  INFO 15952 --- [main] .s.d.r.c.RepositoryConfigurationDelegate : Multiple Spring Data modules found, entering strict repository configuration mode
00:39:42:657  INFO 15952 --- [main] .s.d.r.c.RepositoryConfigurationDelegate : Bootstrapping Spring Data Redis repositories in DEFAULT mode.
00:39:42:678  INFO 15952 --- [main] .s.d.r.c.RepositoryConfigurationDelegate : Finished Spring Data repository scanning in 8 ms. Found 0 Redis repository interfaces.
00:39:42:976  INFO 15952 --- [main] o.s.cloud.context.scope.GenericScope     : BeanFactory id=e613778e-f94c-3a58-b9a5-2e7731ef7ffd
00:39:46:524  INFO 15952 --- [main] o.s.c.openfeign.FeignClientFactoryBean   : For 'item-service' URL not provided. Will try picking an instance via load-balancing.
00:39:51:389  INFO 15952 --- [main] o.s.cloud.commons.util.InetUtils         : Cannot determine local hostname
00:39:51:488  INFO 15952 --- [main] pertySourcedRequestMappingHandlerMapping : Mapped URL path [/v2/api-docs] onto method [springfox.documentation.swagger2.web.Swagger2ControllerWebMvc#getDocumentation(String, HttpServletRequest)]
00:39:53:564  INFO 15952 --- [main] o.s.cloud.commons.util.InetUtils         : Cannot determine local hostname
00:39:53:729  INFO 15952 --- [main] com.alibaba.nacos.common.remote.client   : [RpcClientFactory] create a new rpc client of f5cfb447-1990-45e0-81d4-a03b87bce51f
00:39:53:729  INFO 15952 --- [main] com.alibaba.nacos.common.remote.client   : [f5cfb447-1990-45e0-81d4-a03b87bce51f] RpcClient init label, labels = {module=naming, source=sdk}
00:39:53:731  INFO 15952 --- [main] com.alibaba.nacos.common.remote.client   : [f5cfb447-1990-45e0-81d4-a03b87bce51f] RpcClient init, ServerListFactory = com.alibaba.nacos.client.naming.core.ServerListManager
00:39:53:731  INFO 15952 --- [main] com.alibaba.nacos.common.remote.client   : [f5cfb447-1990-45e0-81d4-a03b87bce51f] Registry connection listener to current client:com.alibaba.nacos.client.naming.remote.gprc.redo.NamingGrpcRedoService
00:39:53:731  INFO 15952 --- [main] com.alibaba.nacos.common.remote.client   : [f5cfb447-1990-45e0-81d4-a03b87bce51f] Register server push request handler:com.alibaba.nacos.client.naming.remote.gprc.NamingPushRequestHandler
00:39:53:732  INFO 15952 --- [main] com.alibaba.nacos.common.remote.client   : [f5cfb447-1990-45e0-81d4-a03b87bce51f] Try to connect to server on start up, server: {serverIp = '192.168.19.132', server main port = 8848}
00:39:53:852  INFO 15952 --- [main] com.alibaba.nacos.common.remote.client   : [f5cfb447-1990-45e0-81d4-a03b87bce51f] Success to connect to server [192.168.19.132:8848] on start up, connectionId = 1706000469587_192.168.19.1_4249
00:39:53:852  INFO 15952 --- [main] com.alibaba.nacos.common.remote.client   : [f5cfb447-1990-45e0-81d4-a03b87bce51f] Register server push request handler:com.alibaba.nacos.common.remote.client.RpcClient$ConnectResetRequestHandler
00:39:53:852  INFO 15952 --- [main] com.alibaba.nacos.common.remote.client   : [f5cfb447-1990-45e0-81d4-a03b87bce51f] Register server push request handler:com.alibaba.nacos.common.remote.client.RpcClient$$Lambda$729/0x00000008004d6440
00:39:53:852  INFO 15952 --- [com.alibaba.nacos.client.remote.worker] com.alibaba.nacos.common.remote.client   : [f5cfb447-1990-45e0-81d4-a03b87bce51f] Notify connected event to listeners.
00:39:53:889  INFO 15952 --- [main] d.s.w.p.DocumentationPluginsBootstrapper : Documentation plugins bootstrapped
00:39:53:892  INFO 15952 --- [main] d.s.w.p.DocumentationPluginsBootstrapper : Found 1 custom documentation plugin(s)
00:39:53:916  INFO 15952 --- [main] s.d.s.w.s.ApiListingReferenceScanner     : Scanning for api listing references
00:39:54:032  INFO 15952 --- [main] test                                     : Started test in 18.846 seconds (JVM running for 20.308)
00:39:54:039  INFO 15952 --- [main] c.a.c.n.refresh.NacosContextRefresher    : [Nacos Config] Listening config: dataId=cart-service, group=DEFAULT_GROUP
00:39:54:042  INFO 15952 --- [main] c.a.c.n.refresh.NacosContextRefresher    : [Nacos Config] Listening config: dataId=cart-service.yaml, group=DEFAULT_GROUP
00:39:54:042  INFO 15952 --- [main] c.a.c.n.refresh.NacosContextRefresher    : [Nacos Config] Listening config: dataId=cart-service-dev.yaml, group=DEFAULT_GROUP
00:39:54:361  INFO 15952 --- [nacos-grpc-client-executor-5] com.alibaba.nacos.common.remote.client   : [f5cfb447-1990-45e0-81d4-a03b87bce51f] Receive server push request, request = NotifySubscriberRequest, requestId = 54
00:39:54:363  INFO 15952 --- [nacos-grpc-client-executor-5] com.alibaba.nacos.common.remote.client   : [f5cfb447-1990-45e0-81d4-a03b87bce51f] Ack server push request, request = NotifySubscriberRequest, requestId = 54
00:39:54:447  WARN 15952 --- [Thread-5] c.a.nacos.common.notify.NotifyCenter     : [NotifyCenter] Start destroying Publisher
00:39:54:448  WARN 15952 --- [Thread-1] c.a.n.common.http.HttpClientBeanHolder   : [HttpClientBeanHolder] Start destroying common HttpClient
00:39:54:448  WARN 15952 --- [Thread-5] c.a.nacos.common.notify.NotifyCenter     : [NotifyCenter] Destruction of the end
00:39:54:448  WARN 15952 --- [Thread-1] c.a.n.common.http.HttpClientBeanHolder   : [HttpClientBeanHolder] Destruction of the end
00:39:54:859  INFO 15952 --- [SpringApplicationShutdownHook] com.alibaba.nacos.common.remote.client   : Shutdown rpc client, set status to shutdown
00:39:54:859  INFO 15952 --- [SpringApplicationShutdownHook] com.alibaba.nacos.common.remote.client   : Shutdown client event executor java.util.concurrent.ScheduledThreadPoolExecutor@65d356be[Running, pool size = 2, active threads = 2, queued tasks = 0, completed tasks = 0]
00:39:54:859  INFO 15952 --- [SpringApplicationShutdownHook] com.alibaba.nacos.common.remote.client   : Close current connection 1706000469587_192.168.19.1_4249
00:39:54:861  INFO 15952 --- [nacos-grpc-client-executor-7] c.a.n.c.remote.client.grpc.GrpcClient    : [1706000469587_192.168.19.1_4249]Ignore complete event,isRunning:false,isAbandon=false
00:39:54:863  INFO 15952 --- [SpringApplicationShutdownHook] c.a.n.c.remote.client.grpc.GrpcClient    : Shutdown grpc executor java.util.concurrent.ThreadPoolExecutor@82acebb[Running, pool size = 8, active threads = 0, queued tasks = 0, completed tasks = 8]
