14:06:00:625  INFO 27588 --- [main] com.hmall.HMallApplication               : Starting HMallApplication using Java 11.0.17 on LAPTOP-4GRT2K57 with PID 27588 (E:\BaiduNetdiskDownload\资料\hmall\hm-service\target\classes started by 黄宇航 in E:\BaiduNetdiskDownload\资料\hmall)
14:06:00:633 DEBUG 27588 --- [main] com.hmall.HMallApplication               : Running with Spring Boot v2.7.12, Spring v5.3.27
14:06:00:634  INFO 27588 --- [main] com.hmall.HMallApplication               : The following 1 profile is active: "dev"
14:06:01:529  INFO 27588 --- [main] .s.d.r.c.RepositoryConfigurationDelegate : Multiple Spring Data modules found, entering strict repository configuration mode
14:06:01:531  INFO 27588 --- [main] .s.d.r.c.RepositoryConfigurationDelegate : Bootstrapping Spring Data Redis repositories in DEFAULT mode.
14:06:01:573  INFO 27588 --- [main] .s.d.r.c.RepositoryConfigurationDelegate : Finished Spring Data repository scanning in 24 ms. Found 0 Redis repository interfaces.
14:06:02:220  INFO 27588 --- [main] o.s.b.w.embedded.tomcat.TomcatWebServer  : Tomcat initialized with port(s): 8080 (http)
14:06:02:231  INFO 27588 --- [main] o.apache.catalina.core.StandardService   : Starting service [Tomcat]
14:06:02:232  INFO 27588 --- [main] org.apache.catalina.core.StandardEngine  : Starting Servlet engine: [Apache Tomcat/9.0.75]
14:06:03:995  INFO 27588 --- [main] o.a.c.c.C.[Tomcat].[localhost].[/]       : Initializing Spring embedded WebApplicationContext
14:06:03:997  INFO 27588 --- [main] w.s.c.ServletWebServerApplicationContext : Root WebApplicationContext: initialization completed in 3320 ms
14:06:10:261  INFO 27588 --- [main] pertySourcedRequestMappingHandlerMapping : Mapped URL path [/v2/api-docs] onto method [springfox.documentation.swagger2.web.Swagger2ControllerWebMvc#getDocumentation(String, HttpServletRequest)]
14:06:10:576  INFO 27588 --- [main] o.s.b.w.embedded.tomcat.TomcatWebServer  : Tomcat started on port(s): 8080 (http) with context path ''
14:06:10:577  INFO 27588 --- [main] d.s.w.p.DocumentationPluginsBootstrapper : Documentation plugins bootstrapped
14:06:10:580  INFO 27588 --- [main] d.s.w.p.DocumentationPluginsBootstrapper : Found 1 custom documentation plugin(s)
14:06:10:607  INFO 27588 --- [main] s.d.s.w.s.ApiListingReferenceScanner     : Scanning for api listing references
14:06:10:771  INFO 27588 --- [main] com.hmall.HMallApplication               : Started HMallApplication in 10.703 seconds (JVM running for 12.103)
22:50:15:530  INFO 29304 --- [main] com.hmall.HMallApplication               : Starting HMallApplication using Java 11.0.17 on LAPTOP-4GRT2K57 with PID 29304 (E:\BaiduNetdiskDownload\资料\hmall\hm-service\target\classes started by 黄宇航 in E:\BaiduNetdiskDownload\资料\hmall)
22:50:15:534 DEBUG 29304 --- [main] com.hmall.HMallApplication               : Running with Spring Boot v2.7.12, Spring v5.3.27
22:50:15:535  INFO 29304 --- [main] com.hmall.HMallApplication               : The following 1 profile is active: "dev"
22:50:16:555  INFO 29304 --- [main] .s.d.r.c.RepositoryConfigurationDelegate : Multiple Spring Data modules found, entering strict repository configuration mode
22:50:16:557  INFO 29304 --- [main] .s.d.r.c.RepositoryConfigurationDelegate : Bootstrapping Spring Data Redis repositories in DEFAULT mode.
22:50:16:593  INFO 29304 --- [main] .s.d.r.c.RepositoryConfigurationDelegate : Finished Spring Data repository scanning in 19 ms. Found 0 Redis repository interfaces.
22:50:17:181  INFO 29304 --- [main] o.s.b.w.embedded.tomcat.TomcatWebServer  : Tomcat initialized with port(s): 8080 (http)
22:50:17:190  INFO 29304 --- [main] o.apache.catalina.core.StandardService   : Starting service [Tomcat]
22:50:17:190  INFO 29304 --- [main] org.apache.catalina.core.StandardEngine  : Starting Servlet engine: [Apache Tomcat/9.0.75]
22:50:17:402  INFO 29304 --- [main] o.a.c.c.C.[Tomcat].[localhost].[/]       : Initializing Spring embedded WebApplicationContext
22:50:17:403  INFO 29304 --- [main] w.s.c.ServletWebServerApplicationContext : Root WebApplicationContext: initialization completed in 1821 ms
22:50:20:736  INFO 29304 --- [main] pertySourcedRequestMappingHandlerMapping : Mapped URL path [/v2/api-docs] onto method [springfox.documentation.swagger2.web.Swagger2ControllerWebMvc#getDocumentation(String, HttpServletRequest)]
22:50:25:760  INFO 29304 --- [main] o.s.b.w.embedded.tomcat.TomcatWebServer  : Tomcat started on port(s): 8080 (http) with context path ''
22:50:25:763  INFO 29304 --- [main] d.s.w.p.DocumentationPluginsBootstrapper : Documentation plugins bootstrapped
22:50:25:770  INFO 29304 --- [main] d.s.w.p.DocumentationPluginsBootstrapper : Found 1 custom documentation plugin(s)
22:50:25:848  INFO 29304 --- [main] s.d.s.w.s.ApiListingReferenceScanner     : Scanning for api listing references
22:50:26:070  INFO 29304 --- [main] com.hmall.HMallApplication               : Started HMallApplication in 10.993 seconds (JVM running for 12.202)
